c:\users\alex\documents\zilker\client\azclient-master\zvpnclient\bin\azclient.bsc
c:\users\alex\documents\zilker\client\azclient-master\zvpnclient\x64\release\connectionwindow.sbr
c:\users\alex\documents\zilker\client\azclient-master\zvpnclient\x64\release\logwindow.sbr
c:\users\alex\documents\zilker\client\azclient-master\zvpnclient\x64\release\openvpnrunner.sbr
c:\users\alex\documents\zilker\client\azclient-master\zvpnclient\x64\release\powernotifier.sbr
c:\users\alex\documents\zilker\client\azclient-master\zvpnclient\x64\release\moc_connectionwindow.sbr
c:\users\alex\documents\zilker\client\azclient-master\zvpnclient\x64\release\moc_logwindow.sbr
c:\users\alex\documents\zilker\client\azclient-master\zvpnclient\x64\release\moc_openvpnrunner.sbr
c:\users\alex\documents\zilker\client\azclient-master\zvpnclient\x64\release\moc_powernotifier.sbr
c:\users\alex\documents\zilker\client\azclient-master\zvpnclient\x64\release\moc_statusicon.sbr
c:\users\alex\documents\zilker\client\azclient-master\zvpnclient\x64\release\moc_vpnapi.sbr
c:\users\alex\documents\zilker\client\azclient-master\zvpnclient\x64\release\statusicon.sbr
c:\users\alex\documents\zilker\client\azclient-master\zvpnclient\x64\release\vpnapi.sbr
c:\users\alex\documents\zilker\client\azclient-master\zvpnclient\x64\release\main.sbr
c:\users\alex\documents\zilker\client\azclient-master\zvpnclient\x64\release\main.obj
c:\users\alex\documents\zilker\client\azclient-master\zvpnclient\x64\release\vpnapi.obj
c:\users\alex\documents\zilker\client\azclient-master\zvpnclient\x64\release\statusicon.obj
c:\users\alex\documents\zilker\client\azclient-master\zvpnclient\x64\release\moc_vpnapi.obj
c:\users\alex\documents\zilker\client\azclient-master\zvpnclient\x64\release\moc_statusicon.obj
c:\users\alex\documents\zilker\client\azclient-master\zvpnclient\x64\release\moc_powernotifier.obj
c:\users\alex\documents\zilker\client\azclient-master\zvpnclient\x64\release\moc_openvpnrunner.obj
c:\users\alex\documents\zilker\client\azclient-master\zvpnclient\x64\release\moc_logwindow.obj
c:\users\alex\documents\zilker\client\azclient-master\zvpnclient\x64\release\moc_connectionwindow.obj
c:\users\alex\documents\zilker\client\azclient-master\zvpnclient\x64\release\powernotifier.obj
c:\users\alex\documents\zilker\client\azclient-master\zvpnclient\x64\release\openvpnrunner.obj
c:\users\alex\documents\zilker\client\azclient-master\zvpnclient\x64\release\logwindow.obj
c:\users\alex\documents\zilker\client\azclient-master\zvpnclient\x64\release\connectionwindow.obj
c:\users\alex\documents\zilker\client\azclient-master\zvpnclient\x64\release\qrc_locales.sbr
c:\users\alex\documents\zilker\client\azclient-master\zvpnclient\x64\release\qrc_resources.sbr
c:\users\alex\documents\zilker\client\azclient-master\zvpnclient\x64\release\qrc_resources.obj
c:\users\alex\documents\zilker\client\azclient-master\zvpnclient\x64\release\qrc_locales.obj
c:\users\alex\documents\zilker\client\azclient-master\zvpnclient\release\moc_connectionwindow.cpp
c:\users\alex\documents\zilker\client\azclient-master\zvpnclient\release\moc_logwindow.cpp
c:\users\alex\documents\zilker\client\azclient-master\zvpnclient\release\moc_openvpnrunner.cpp
c:\users\alex\documents\zilker\client\azclient-master\zvpnclient\release\moc_powernotifier.cpp
c:\users\alex\documents\zilker\client\azclient-master\zvpnclient\release\moc_statusicon.cpp
c:\users\alex\documents\zilker\client\azclient-master\zvpnclient\release\moc_vpnapi.cpp
c:\users\alex\documents\zilker\client\azclient-master\zvpnclient\release\moc_predefs.h
c:\users\alex\documents\zilker\client\azclient-master\zvpnclient\generatedfiles\qrc_locales.cpp
c:\users\alex\documents\zilker\client\azclient-master\zvpnclient\generatedfiles\qrc_resources.cpp
c:\users\alex\documents\zilker\client\azclient-master\zvpnclient\bin\azclient.exe
c:\users\alex\documents\zilker\client\azclient-master\zvpnclient\x64\release\zvpnclient_resource.res
c:\users\alex\documents\zilker\client\azclient-master\zvpnclient\x64\release\zvpnclient.tlog\bscmake.command.1.tlog
c:\users\alex\documents\zilker\client\azclient-master\zvpnclient\x64\release\zvpnclient.tlog\bscmake.read.1.tlog
c:\users\alex\documents\zilker\client\azclient-master\zvpnclient\x64\release\zvpnclient.tlog\bscmake.write.1.tlog
c:\users\alex\documents\zilker\client\azclient-master\zvpnclient\x64\release\zvpnclient.tlog\cl.command.1.tlog
c:\users\alex\documents\zilker\client\azclient-master\zvpnclient\x64\release\zvpnclient.tlog\cl.read.1.tlog
c:\users\alex\documents\zilker\client\azclient-master\zvpnclient\x64\release\zvpnclient.tlog\cl.write.1.tlog
c:\users\alex\documents\zilker\client\azclient-master\zvpnclient\x64\release\zvpnclient.tlog\custombuild.command.1.tlog
c:\users\alex\documents\zilker\client\azclient-master\zvpnclient\x64\release\zvpnclient.tlog\custombuild.read.1.tlog
c:\users\alex\documents\zilker\client\azclient-master\zvpnclient\x64\release\zvpnclient.tlog\custombuild.write.1.tlog
c:\users\alex\documents\zilker\client\azclient-master\zvpnclient\x64\release\zvpnclient.tlog\link.command.1.tlog
c:\users\alex\documents\zilker\client\azclient-master\zvpnclient\x64\release\zvpnclient.tlog\link.read.1.tlog
c:\users\alex\documents\zilker\client\azclient-master\zvpnclient\x64\release\zvpnclient.tlog\link.write.1.tlog
c:\users\alex\documents\zilker\client\azclient-master\zvpnclient\x64\release\zvpnclient.tlog\rc.command.1.tlog
c:\users\alex\documents\zilker\client\azclient-master\zvpnclient\x64\release\zvpnclient.tlog\rc.read.1.tlog
c:\users\alex\documents\zilker\client\azclient-master\zvpnclient\x64\release\zvpnclient.tlog\rc.write.1.tlog
